  Additionals.cpp
C:\Users\PTK\Documents\Visual Studio 2019\Projects\Mactangle\Mactangle\src\Additionals.cpp(1,10): fatal error C1083: Cannot open include file: 'SFML/Graphics.hpp': No such file or directory
  Bedler.cpp
C:\Users\PTK\Documents\Visual Studio 2019\Projects\Mactangle\Mactangle\src\Bedler.cpp(1,10): fatal error C1083: Cannot open include file: 'SFML/Graphics.hpp': No such file or directory
  Dacler.cpp
C:\Users\PTK\Documents\Visual Studio 2019\Projects\Mactangle\Mactangle\src\Dacler.cpp(1,10): fatal error C1083: Cannot open include file: 'SFML/Graphics.hpp': No such file or directory
  Mactangle.cpp
C:\Users\PTK\Documents\Visual Studio 2019\Projects\Mactangle\Mactangle\src\Mactangle.cpp(1,10): fatal error C1083: Cannot open include file: 'SFML/Graphics.hpp': No such file or directory
  main.cpp
C:\Users\PTK\Documents\Visual Studio 2019\Projects\Mactangle\Mactangle\src\main.cpp(1,10): fatal error C1083: Cannot open include file: 'SFML/Graphics.hpp': No such file or directory
  MainClasses.cpp
C:\Users\PTK\Documents\Visual Studio 2019\Projects\Mactangle\Mactangle\src\MainClasses.cpp(1,10): fatal error C1083: Cannot open include file: 'SFML/Graphics.hpp': No such file or directory
  Map.cpp
C:\Users\PTK\Documents\Visual Studio 2019\Projects\Mactangle\Mactangle\src\Map.cpp(1,10): fatal error C1083: Cannot open include file: 'SFML/Graphics.hpp': No such file or directory
  Offert.cpp
C:\Users\PTK\Documents\Visual Studio 2019\Projects\Mactangle\Mactangle\src\Offert.cpp(1,10): fatal error C1083: Cannot open include file: 'SFML/Graphics.hpp': No such file or directory
  PPSaB.cpp
C:\Users\PTK\Documents\Visual Studio 2019\Projects\Mactangle\Mactangle\src\PPSaB.cpp(1,10): fatal error C1083: Cannot open include file: 'SFML/Graphics.hpp': No such file or directory
  Shop.cpp
C:\Users\PTK\Documents\Visual Studio 2019\Projects\Mactangle\Mactangle\src\Shop.cpp(1,10): fatal error C1083: Cannot open include file: 'SFML/Graphics.hpp': No such file or directory
